Analysis & Synthesis report for Peaje
Tue Mar 19 18:18:41 2024
Quartus II 64-Bit Version 13.1.0 Build 162 10/23/2013 SJ Web Edition


---------------------
; Table of Contents ;
---------------------
  1. Legal Notice
  2. Analysis & Synthesis Summary
  3. Analysis & Synthesis Settings
  4. Parallel Compilation
  5. Analysis & Synthesis Source Files Read
  6. Analysis & Synthesis Resource Usage Summary
  7. Analysis & Synthesis Resource Utilization by Entity
  8. User-Specified and Inferred Latches
  9. Registers Removed During Synthesis
 10. General Register Statistics
 11. Inverted Register Statistics
 12. Multiplexer Restructuring Statistics (Restructuring Performed)
 13. Parameter Settings for Inferred Entity Instance: Conversor:Conversor_tiempo|lpm_divide:Div0
 14. Parameter Settings for Inferred Entity Instance: Conversor:Conversor_tiempo|lpm_divide:Mod0
 15. Parameter Settings for Inferred Entity Instance: Conversor:Conversor_vehiculos|lpm_divide:Div0
 16. Parameter Settings for Inferred Entity Instance: Conversor:Conversor_vehiculos|lpm_divide:Mod0
 17. Port Connectivity Checks: "Conversor:Conversor_vehiculos"
 18. Port Connectivity Checks: "contador_vehiculos:Display7seg_vehiculos"
 19. Port Connectivity Checks: "Conversor:Conversor_tiempo"
 20. Port Connectivity Checks: "Contador_tiempo:Contador_tiempo_funcion"
 21. Port Connectivity Checks: "Sem_fin:Semaforo_Talanquera_final"
 22. Elapsed Time Per Partition
 23. Analysis & Synthesis Messages



----------------
; Legal Notice ;
----------------
Copyright (C) 1991-2013 Altera Corporation
Your use of Altera Corporation's design tools, logic functions 
and other software and tools, and its AMPP partner logic 
functions, and any output files from any of the foregoing 
(including device programming or simulation files), and any 
associated documentation or information are expressly subject 
to the terms and conditions of the Altera Program License 
Subscription Agreement, Altera MegaCore Function License 
Agreement, or other applicable license agreement, including, 
without limitation, that your use is for the sole purpose of 
programming logic devices manufactured by Altera and sold by 
Altera or its authorized distributors.  Please refer to the 
applicable agreement for further details.



+---------------------------------------------------------------------------------+
; Analysis & Synthesis Summary                                                    ;
+------------------------------------+--------------------------------------------+
; Analysis & Synthesis Status        ; Successful - Tue Mar 19 18:18:41 2024      ;
; Quartus II 64-Bit Version          ; 13.1.0 Build 162 10/23/2013 SJ Web Edition ;
; Revision Name                      ; Peaje                                      ;
; Top-level Entity Name              ; Peaje                                      ;
; Family                             ; Cyclone III                                ;
; Total logic elements               ; 218                                        ;
;     Total combinational functions  ; 215                                        ;
;     Dedicated logic registers      ; 70                                         ;
; Total registers                    ; 70                                         ;
; Total pins                         ; 50                                         ;
; Total virtual pins                 ; 0                                          ;
; Total memory bits                  ; 0                                          ;
; Embedded Multiplier 9-bit elements ; 0                                          ;
; Total PLLs                         ; 0                                          ;
+------------------------------------+--------------------------------------------+


+----------------------------------------------------------------------------------------------------------------------+
; Analysis & Synthesis Settings                                                                                        ;
+----------------------------------------------------------------------------+--------------------+--------------------+
; Option                                                                     ; Setting            ; Default Value      ;
+----------------------------------------------------------------------------+--------------------+--------------------+
; Device                                                                     ; EP3C16F484C6       ;                    ;
; Top-level entity name                                                      ; Peaje              ; Peaje              ;
; Family name                                                                ; Cyclone III        ; Cyclone IV GX      ;
; Use smart compilation                                                      ; Off                ; Off                ;
; Enable parallel Assembler and TimeQuest Timing Analyzer during compilation ; On                 ; On                 ;
; Enable compact report table                                                ; Off                ; Off                ;
; Restructure Multiplexers                                                   ; Auto               ; Auto               ;
; Create Debugging Nodes for IP Cores                                        ; Off                ; Off                ;
; Preserve fewer node names                                                  ; On                 ; On                 ;
; Disable OpenCore Plus hardware evaluation                                  ; Off                ; Off                ;
; Verilog Version                                                            ; Verilog_2001       ; Verilog_2001       ;
; VHDL Version                                                               ; VHDL_1993          ; VHDL_1993          ;
; State Machine Processing                                                   ; Auto               ; Auto               ;
; Safe State Machine                                                         ; Off                ; Off                ;
; Extract Verilog State Machines                                             ; On                 ; On                 ;
; Extract VHDL State Machines                                                ; On                 ; On                 ;
; Ignore Verilog initial constructs                                          ; Off                ; Off                ;
; Iteration limit for constant Verilog loops                                 ; 5000               ; 5000               ;
; Iteration limit for non-constant Verilog loops                             ; 250                ; 250                ;
; Add Pass-Through Logic to Inferred RAMs                                    ; On                 ; On                 ;
; Infer RAMs from Raw Logic                                                  ; On                 ; On                 ;
; Parallel Synthesis                                                         ; On                 ; On                 ;
; DSP Block Balancing                                                        ; Auto               ; Auto               ;
; NOT Gate Push-Back                                                         ; On                 ; On                 ;
; Power-Up Don't Care                                                        ; On                 ; On                 ;
; Remove Redundant Logic Cells                                               ; Off                ; Off                ;
; Remove Duplicate Registers                                                 ; On                 ; On                 ;
; Ignore CARRY Buffers                                                       ; Off                ; Off                ;
; Ignore CASCADE Buffers                                                     ; Off                ; Off                ;
; Ignore GLOBAL Buffers                                                      ; Off                ; Off                ;
; Ignore ROW GLOBAL Buffers                                                  ; Off                ; Off                ;
; Ignore LCELL Buffers                                                       ; Off                ; Off                ;
; Ignore SOFT Buffers                                                        ; On                 ; On                 ;
; Limit AHDL Integers to 32 Bits                                             ; Off                ; Off                ;
; Optimization Technique                                                     ; Balanced           ; Balanced           ;
; Carry Chain Length                                                         ; 70                 ; 70                 ;
; Auto Carry Chains                                                          ; On                 ; On                 ;
; Auto Open-Drain Pins                                                       ; On                 ; On                 ;
; Perform WYSIWYG Primitive Resynthesis                                      ; Off                ; Off                ;
; Auto ROM Replacement                                                       ; On                 ; On                 ;
; Auto RAM Replacement                                                       ; On                 ; On                 ;
; Auto DSP Block Replacement                                                 ; On                 ; On                 ;
; Auto Shift Register Replacement                                            ; Auto               ; Auto               ;
; Allow Shift Register Merging across Hierarchies                            ; Auto               ; Auto               ;
; Auto Clock Enable Replacement                                              ; On                 ; On                 ;
; Strict RAM Replacement                                                     ; Off                ; Off                ;
; Allow Synchronous Control Signals                                          ; On                 ; On                 ;
; Force Use of Synchronous Clear Signals                                     ; Off                ; Off                ;
; Auto RAM Block Balancing                                                   ; On                 ; On                 ;
; Auto RAM to Logic Cell Conversion                                          ; Off                ; Off                ;
; Auto Resource Sharing                                                      ; Off                ; Off                ;
; Allow Any RAM Size For Recognition                                         ; Off                ; Off                ;
; Allow Any ROM Size For Recognition                                         ; Off                ; Off                ;
; Allow Any Shift Register Size For Recognition                              ; Off                ; Off                ;
; Use LogicLock Constraints during Resource Balancing                        ; On                 ; On                 ;
; Ignore translate_off and synthesis_off directives                          ; Off                ; Off                ;
; Timing-Driven Synthesis                                                    ; On                 ; On                 ;
; Report Parameter Settings                                                  ; On                 ; On                 ;
; Report Source Assignments                                                  ; On                 ; On                 ;
; Report Connectivity Checks                                                 ; On                 ; On                 ;
; Ignore Maximum Fan-Out Assignments                                         ; Off                ; Off                ;
; Synchronization Register Chain Length                                      ; 2                  ; 2                  ;
; PowerPlay Power Optimization                                               ; Normal compilation ; Normal compilation ;
; HDL message level                                                          ; Level2             ; Level2             ;
; Suppress Register Optimization Related Messages                            ; Off                ; Off                ;
; Number of Removed Registers Reported in Synthesis Report                   ; 5000               ; 5000               ;
; Number of Swept Nodes Reported in Synthesis Report                         ; 5000               ; 5000               ;
; Number of Inverted Registers Reported in Synthesis Report                  ; 100                ; 100                ;
; Clock MUX Protection                                                       ; On                 ; On                 ;
; Auto Gated Clock Conversion                                                ; Off                ; Off                ;
; Block Design Naming                                                        ; Auto               ; Auto               ;
; SDC constraint protection                                                  ; Off                ; Off                ;
; Synthesis Effort                                                           ; Auto               ; Auto               ;
; Shift Register Replacement - Allow Asynchronous Clear Signal               ; On                 ; On                 ;
; Pre-Mapping Resynthesis Optimization                                       ; Off                ; Off                ;
; Analysis & Synthesis Message Level                                         ; Medium             ; Medium             ;
; Disable Register Merging Across Hierarchies                                ; Auto               ; Auto               ;
; Resource Aware Inference For Block RAM                                     ; On                 ; On                 ;
; Synthesis Seed                                                             ; 1                  ; 1                  ;
+----------------------------------------------------------------------------+--------------------+--------------------+


+------------------------------------------+
; Parallel Compilation                     ;
+----------------------------+-------------+
; Processors                 ; Number      ;
+----------------------------+-------------+
; Number detected on machine ; 12          ;
; Maximum allowed            ; 8           ;
;                            ;             ;
; Average used               ; 1.00        ;
; Maximum used               ; 2           ;
;                            ;             ;
; Usage by Processor         ; % Time Used ;
;     Processor 1            ; 100.0%      ;
;     Processor 2            ; < 0.1%      ;
;     Processors 3-12        ;   0.0%      ;
+----------------------------+-------------+


+-------------------------------------------------------------------------------------------------------------------------------------------------------------------------------------------------------+
; Analysis & Synthesis Source Files Read                                                                                                                                                                ;
+----------------------------------------------+-----------------+------------------------------+---------------------------------------------------------------------------------------------+---------+
; File Name with User-Entered Path             ; Used in Netlist ; File Type                    ; File Name with Absolute Path                                                                ; Library ;
+----------------------------------------------+-----------------+------------------------------+---------------------------------------------------------------------------------------------+---------+
; ../contador_vehiculos/contador_vehiculos.vhd ; yes             ; User VHDL File               ; C:/Users/Samuel/Desktop/Lab-Quartus/Semaforo_VHDL/contador_vehiculos/contador_vehiculos.vhd ;         ;
; ../Contador_tiempo/Contador_tiempo.vhd       ; yes             ; User VHDL File               ; C:/Users/Samuel/Desktop/Lab-Quartus/Semaforo_VHDL/Contador_tiempo/Contador_tiempo.vhd       ;         ;
; ../Sem_ini/Sem_ini.vhd                       ; yes             ; User VHDL File               ; C:/Users/Samuel/Desktop/Lab-Quartus/Semaforo_VHDL/Sem_ini/Sem_ini.vhd                       ;         ;
; ../Back_sensor/Back_sensor.vhd               ; yes             ; User VHDL File               ; C:/Users/Samuel/Desktop/Lab-Quartus/Semaforo_VHDL/Back_sensor/Back_sensor.vhd               ;         ;
; ../BCD7Seg/BCD7Seg.vhd                       ; yes             ; User VHDL File               ; C:/Users/Samuel/Desktop/Lab-Quartus/Semaforo_VHDL/BCD7Seg/BCD7Seg.vhd                       ;         ;
; ../Conversor/Conversor.vhd                   ; yes             ; User VHDL File               ; C:/Users/Samuel/Desktop/Lab-Quartus/Semaforo_VHDL/Conversor/Conversor.vhd                   ;         ;
; ../Divisor/Divisor.vhd                       ; yes             ; User VHDL File               ; C:/Users/Samuel/Desktop/Lab-Quartus/Semaforo_VHDL/Divisor/Divisor.vhd                       ;         ;
; ../Sem_fin/Sem_fin.vhd                       ; yes             ; User VHDL File               ; C:/Users/Samuel/Desktop/Lab-Quartus/Semaforo_VHDL/Sem_fin/Sem_fin.vhd                       ;         ;
; ../Front_sensor/Front_sensor.vhd             ; yes             ; User VHDL File               ; C:/Users/Samuel/Desktop/Lab-Quartus/Semaforo_VHDL/Front_sensor/Front_sensor.vhd             ;         ;
; ../Sem_ini/Peaje.vhd                         ; yes             ; User VHDL File               ; C:/Users/Samuel/Desktop/Lab-Quartus/Semaforo_VHDL/Sem_ini/Peaje.vhd                         ;         ;
; lpm_divide.tdf                               ; yes             ; Megafunction                 ; c:/altera/13.1/quartus/libraries/megafunctions/lpm_divide.tdf                               ;         ;
; abs_divider.inc                              ; yes             ; Megafunction                 ; c:/altera/13.1/quartus/libraries/megafunctions/abs_divider.inc                              ;         ;
; sign_div_unsign.inc                          ; yes             ; Megafunction                 ; c:/altera/13.1/quartus/libraries/megafunctions/sign_div_unsign.inc                          ;         ;
; aglobal131.inc                               ; yes             ; Megafunction                 ; c:/altera/13.1/quartus/libraries/megafunctions/aglobal131.inc                               ;         ;
; db/lpm_divide_7gm.tdf                        ; yes             ; Auto-Generated Megafunction  ; C:/Users/Samuel/Desktop/Lab-Quartus/Semaforo_VHDL/Peaje/db/lpm_divide_7gm.tdf               ;         ;
; db/sign_div_unsign_8kh.tdf                   ; yes             ; Auto-Generated Megafunction  ; C:/Users/Samuel/Desktop/Lab-Quartus/Semaforo_VHDL/Peaje/db/sign_div_unsign_8kh.tdf          ;         ;
; db/alt_u_div_r2f.tdf                         ; yes             ; Auto-Generated Megafunction  ; C:/Users/Samuel/Desktop/Lab-Quartus/Semaforo_VHDL/Peaje/db/alt_u_div_r2f.tdf                ;         ;
; db/add_sub_unc.tdf                           ; yes             ; Auto-Generated Megafunction  ; C:/Users/Samuel/Desktop/Lab-Quartus/Semaforo_VHDL/Peaje/db/add_sub_unc.tdf                  ;         ;
; db/add_sub_vnc.tdf                           ; yes             ; Auto-Generated Megafunction  ; C:/Users/Samuel/Desktop/Lab-Quartus/Semaforo_VHDL/Peaje/db/add_sub_vnc.tdf                  ;         ;
; db/lpm_divide_b8m.tdf                        ; yes             ; Auto-Generated Megafunction  ; C:/Users/Samuel/Desktop/Lab-Quartus/Semaforo_VHDL/Peaje/db/lpm_divide_b8m.tdf               ;         ;
; db/sign_div_unsign_9kh.tdf                   ; yes             ; Auto-Generated Megafunction  ; C:/Users/Samuel/Desktop/Lab-Quartus/Semaforo_VHDL/Peaje/db/sign_div_unsign_9kh.tdf          ;         ;
; db/alt_u_div_t2f.tdf                         ; yes             ; Auto-Generated Megafunction  ; C:/Users/Samuel/Desktop/Lab-Quartus/Semaforo_VHDL/Peaje/db/alt_u_div_t2f.tdf                ;         ;
+----------------------------------------------+-----------------+------------------------------+---------------------------------------------------------------------------------------------+---------+


+---------------------------------------------------------+
; Analysis & Synthesis Resource Usage Summary             ;
+---------------------------------------------+-----------+
; Resource                                    ; Usage     ;
+---------------------------------------------+-----------+
; Estimated Total logic elements              ; 218       ;
;                                             ;           ;
; Total combinational functions               ; 215       ;
; Logic element usage by number of LUT inputs ;           ;
;     -- 4 input functions                    ; 37        ;
;     -- 3 input functions                    ; 26        ;
;     -- <=2 input functions                  ; 152       ;
;                                             ;           ;
; Logic elements by mode                      ;           ;
;     -- normal mode                          ; 131       ;
;     -- arithmetic mode                      ; 84        ;
;                                             ;           ;
; Total registers                             ; 70        ;
;     -- Dedicated logic registers            ; 70        ;
;     -- I/O registers                        ; 0         ;
;                                             ;           ;
; I/O pins                                    ; 50        ;
; Embedded Multiplier 9-bit elements          ; 0         ;
; Maximum fan-out node                        ; CLK~input ;
; Maximum fan-out                             ; 53        ;
; Total fan-out                               ; 754       ;
; Average fan-out                             ; 1.96      ;
+---------------------------------------------+-----------+


+-----------------------------------------------------------------------------------------------------------------------------------------------------------------------------------------------------------------------------------------------------------------------------------------------------------------+
; Analysis & Synthesis Resource Utilization by Entity                                                                                                                                                                                                                                                             ;
+-----------------------------------------------+-------------------+--------------+-------------+--------------+---------+-----------+------+--------------+--------------------------------------------------------------------------------------------------------------------------------------+--------------+
; Compilation Hierarchy Node                    ; LC Combinationals ; LC Registers ; Memory Bits ; DSP Elements ; DSP 9x9 ; DSP 18x18 ; Pins ; Virtual Pins ; Full Hierarchy Name                                                                                                                  ; Library Name ;
+-----------------------------------------------+-------------------+--------------+-------------+--------------+---------+-----------+------+--------------+--------------------------------------------------------------------------------------------------------------------------------------+--------------+
; |Peaje                                        ; 215 (0)           ; 70 (0)       ; 0           ; 0            ; 0       ; 0         ; 50   ; 0            ; |Peaje                                                                                                                               ; work         ;
;    |BCD7Seg:Display7seg_dec_ve|               ; 3 (3)             ; 0 (0)        ; 0           ; 0            ; 0       ; 0         ; 0    ; 0            ; |Peaje|BCD7Seg:Display7seg_dec_ve                                                                                                    ; work         ;
;    |BCD7Seg:Display7seg_dec|                  ; 3 (3)             ; 0 (0)        ; 0           ; 0            ; 0       ; 0         ; 0    ; 0            ; |Peaje|BCD7Seg:Display7seg_dec                                                                                                       ; work         ;
;    |BCD7Seg:Display7seg_un_ve|                ; 7 (7)             ; 0 (0)        ; 0           ; 0            ; 0       ; 0         ; 0    ; 0            ; |Peaje|BCD7Seg:Display7seg_un_ve                                                                                                     ; work         ;
;    |BCD7Seg:Display7seg_un|                   ; 7 (7)             ; 0 (0)        ; 0           ; 0            ; 0       ; 0         ; 0    ; 0            ; |Peaje|BCD7Seg:Display7seg_un                                                                                                        ; work         ;
;    |Back_sensor:Back_sensor_funcion|          ; 3 (3)             ; 4 (4)        ; 0           ; 0            ; 0       ; 0         ; 0    ; 0            ; |Peaje|Back_sensor:Back_sensor_funcion                                                                                               ; work         ;
;    |Contador_tiempo:Contador_tiempo_funcion|  ; 7 (7)             ; 6 (6)        ; 0           ; 0            ; 0       ; 0         ; 0    ; 0            ; |Peaje|Contador_tiempo:Contador_tiempo_funcion                                                                                       ; work         ;
;    |Conversor:Conversor_tiempo|               ; 37 (0)            ; 0 (0)        ; 0           ; 0            ; 0       ; 0         ; 0    ; 0            ; |Peaje|Conversor:Conversor_tiempo                                                                                                    ; work         ;
;       |lpm_divide:Div0|                       ; 17 (0)            ; 0 (0)        ; 0           ; 0            ; 0       ; 0         ; 0    ; 0            ; |Peaje|Conversor:Conversor_tiempo|lpm_divide:Div0                                                                                    ; work         ;
;          |lpm_divide_7gm:auto_generated|      ; 17 (0)            ; 0 (0)        ; 0           ; 0            ; 0       ; 0         ; 0    ; 0            ; |Peaje|Conversor:Conversor_tiempo|lpm_divide:Div0|lpm_divide_7gm:auto_generated                                                      ; work         ;
;             |sign_div_unsign_8kh:divider|     ; 17 (0)            ; 0 (0)        ; 0           ; 0            ; 0       ; 0         ; 0    ; 0            ; |Peaje|Conversor:Conversor_tiempo|lpm_divide:Div0|lpm_divide_7gm:auto_generated|sign_div_unsign_8kh:divider                          ; work         ;
;                |alt_u_div_r2f:divider|        ; 17 (17)           ; 0 (0)        ; 0           ; 0            ; 0       ; 0         ; 0    ; 0            ; |Peaje|Conversor:Conversor_tiempo|lpm_divide:Div0|lpm_divide_7gm:auto_generated|sign_div_unsign_8kh:divider|alt_u_div_r2f:divider    ; work         ;
;       |lpm_divide:Mod0|                       ; 20 (0)            ; 0 (0)        ; 0           ; 0            ; 0       ; 0         ; 0    ; 0            ; |Peaje|Conversor:Conversor_tiempo|lpm_divide:Mod0                                                                                    ; work         ;
;          |lpm_divide_b8m:auto_generated|      ; 20 (0)            ; 0 (0)        ; 0           ; 0            ; 0       ; 0         ; 0    ; 0            ; |Peaje|Conversor:Conversor_tiempo|lpm_divide:Mod0|lpm_divide_b8m:auto_generated                                                      ; work         ;
;             |sign_div_unsign_9kh:divider|     ; 20 (0)            ; 0 (0)        ; 0           ; 0            ; 0       ; 0         ; 0    ; 0            ; |Peaje|Conversor:Conversor_tiempo|lpm_divide:Mod0|lpm_divide_b8m:auto_generated|sign_div_unsign_9kh:divider                          ; work         ;
;                |alt_u_div_t2f:divider|        ; 20 (20)           ; 0 (0)        ; 0           ; 0            ; 0       ; 0         ; 0    ; 0            ; |Peaje|Conversor:Conversor_tiempo|lpm_divide:Mod0|lpm_divide_b8m:auto_generated|sign_div_unsign_9kh:divider|alt_u_div_t2f:divider    ; work         ;
;    |Conversor:Conversor_vehiculos|            ; 37 (0)            ; 0 (0)        ; 0           ; 0            ; 0       ; 0         ; 0    ; 0            ; |Peaje|Conversor:Conversor_vehiculos                                                                                                 ; work         ;
;       |lpm_divide:Div0|                       ; 17 (0)            ; 0 (0)        ; 0           ; 0            ; 0       ; 0         ; 0    ; 0            ; |Peaje|Conversor:Conversor_vehiculos|lpm_divide:Div0                                                                                 ; work         ;
;          |lpm_divide_7gm:auto_generated|      ; 17 (0)            ; 0 (0)        ; 0           ; 0            ; 0       ; 0         ; 0    ; 0            ; |Peaje|Conversor:Conversor_vehiculos|lpm_divide:Div0|lpm_divide_7gm:auto_generated                                                   ; work         ;
;             |sign_div_unsign_8kh:divider|     ; 17 (0)            ; 0 (0)        ; 0           ; 0            ; 0       ; 0         ; 0    ; 0            ; |Peaje|Conversor:Conversor_vehiculos|lpm_divide:Div0|lpm_divide_7gm:auto_generated|sign_div_unsign_8kh:divider                       ; work         ;
;                |alt_u_div_r2f:divider|        ; 17 (17)           ; 0 (0)        ; 0           ; 0            ; 0       ; 0         ; 0    ; 0            ; |Peaje|Conversor:Conversor_vehiculos|lpm_divide:Div0|lpm_divide_7gm:auto_generated|sign_div_unsign_8kh:divider|alt_u_div_r2f:divider ; work         ;
;       |lpm_divide:Mod0|                       ; 20 (0)            ; 0 (0)        ; 0           ; 0            ; 0       ; 0         ; 0    ; 0            ; |Peaje|Conversor:Conversor_vehiculos|lpm_divide:Mod0                                                                                 ; work         ;
;          |lpm_divide_b8m:auto_generated|      ; 20 (0)            ; 0 (0)        ; 0           ; 0            ; 0       ; 0         ; 0    ; 0            ; |Peaje|Conversor:Conversor_vehiculos|lpm_divide:Mod0|lpm_divide_b8m:auto_generated                                                   ; work         ;
;             |sign_div_unsign_9kh:divider|     ; 20 (0)            ; 0 (0)        ; 0           ; 0            ; 0       ; 0         ; 0    ; 0            ; |Peaje|Conversor:Conversor_vehiculos|lpm_divide:Mod0|lpm_divide_b8m:auto_generated|sign_div_unsign_9kh:divider                       ; work         ;
;                |alt_u_div_t2f:divider|        ; 20 (20)           ; 0 (0)        ; 0           ; 0            ; 0       ; 0         ; 0    ; 0            ; |Peaje|Conversor:Conversor_vehiculos|lpm_divide:Mod0|lpm_divide_b8m:auto_generated|sign_div_unsign_9kh:divider|alt_u_div_t2f:divider ; work         ;
;    |Divisor:Divisor_frecuencias|              ; 96 (96)           ; 53 (53)      ; 0           ; 0            ; 0       ; 0         ; 0    ; 0            ; |Peaje|Divisor:Divisor_frecuencias                                                                                                   ; work         ;
;    |Front_sensor:Front_sensor_funcion|        ; 6 (6)             ; 1 (1)        ; 0           ; 0            ; 0       ; 0         ; 0    ; 0            ; |Peaje|Front_sensor:Front_sensor_funcion                                                                                             ; work         ;
;    |Sem_fin:Semaforo_Talanquera_final|        ; 2 (2)             ; 0 (0)        ; 0           ; 0            ; 0       ; 0         ; 0    ; 0            ; |Peaje|Sem_fin:Semaforo_Talanquera_final                                                                                             ; work         ;
;    |Sem_ini:Semaforo_Talanquera_inical|       ; 2 (2)             ; 1 (1)        ; 0           ; 0            ; 0       ; 0         ; 0    ; 0            ; |Peaje|Sem_ini:Semaforo_Talanquera_inical                                                                                            ; work         ;
;    |contador_vehiculos:Display7seg_vehiculos| ; 5 (5)             ; 5 (5)        ; 0           ; 0            ; 0       ; 0         ; 0    ; 0            ; |Peaje|contador_vehiculos:Display7seg_vehiculos                                                                                      ; work         ;
+-----------------------------------------------+-------------------+--------------+-------------+--------------+---------+-----------+------+--------------+--------------------------------------------------------------------------------------------------------------------------------------+--------------+
Note: For table entries with two numbers listed, the numbers in parentheses indicate the number of resources of the given type used by the specific entity alone. The numbers listed outside of parentheses indicate the total resources of the given type used by the specific entity and all of its sub-entities in the hierarchy.


+------------------------------------------------------------------------------------------------------------------------------------------+
; User-Specified and Inferred Latches                                                                                                      ;
+--------------------------------------------------------+--------------------------------------------------------+------------------------+
; Latch Name                                             ; Latch Enable Signal                                    ; Free of Timing Hazards ;
+--------------------------------------------------------+--------------------------------------------------------+------------------------+
; Sem_ini:Semaforo_Talanquera_inical|Paso                ; Back_sensor:Back_sensor_funcion|Pul_reset              ; yes                    ;
; Sem_fin:Semaforo_Talanquera_final|rojo                 ; VCC                                                    ; yes                    ;
; Front_sensor:Front_sensor_funcion|\Detector:var_alarma ; Front_sensor:Front_sensor_funcion|\Detector:var_alarma ; yes                    ;
; Front_sensor:Front_sensor_funcion|\Detector:deten_pro  ; Front_sensor:Front_sensor_funcion|\Detector:deten_pro  ; yes                    ;
; Number of user-specified and inferred latches = 4      ;                                                        ;                        ;
+--------------------------------------------------------+--------------------------------------------------------+------------------------+
Note: All latches listed above may not be present at the end of synthesis due to various synthesis optimizations.


+-------------------------------------------------------------------------------------------------------+
; Registers Removed During Synthesis                                                                    ;
+-----------------------------------------------+-------------------------------------------------------+
; Register name                                 ; Reason for Removal                                    ;
+-----------------------------------------------+-------------------------------------------------------+
; Sem_ini:Semaforo_Talanquera_inical|EnableTime ; Merged with Sem_ini:Semaforo_Talanquera_inical|Button ;
; Front_sensor:Front_sensor_funcion|enable      ; Merged with Front_sensor:Front_sensor_funcion|cerrado ;
; Total Number of Removed Registers = 2         ;                                                       ;
+-----------------------------------------------+-------------------------------------------------------+


+------------------------------------------------------+
; General Register Statistics                          ;
+----------------------------------------------+-------+
; Statistic                                    ; Value ;
+----------------------------------------------+-------+
; Total registers                              ; 70    ;
; Number of registers using Synchronous Clear  ; 5     ;
; Number of registers using Synchronous Load   ; 0     ;
; Number of registers using Asynchronous Clear ; 7     ;
; Number of registers using Asynchronous Load  ; 0     ;
; Number of registers using Clock Enable       ; 11    ;
; Number of registers using Preset             ; 0     ;
+----------------------------------------------+-------+


+-----------------------------------------------------+
; Inverted Register Statistics                        ;
+-------------------------------------------+---------+
; Inverted Register                         ; Fan out ;
+-------------------------------------------+---------+
; Front_sensor:Front_sensor_funcion|cerrado ; 5       ;
; Back_sensor:Back_sensor_funcion|Pul_reset ; 10      ;
; Total number of inverted registers = 2    ;         ;
+-------------------------------------------+---------+


+---------------------------------------------------------------------------------------------------------------------------------------------------------------------+
; Multiplexer Restructuring Statistics (Restructuring Performed)                                                                                                      ;
+--------------------+-----------+---------------+----------------------+------------------------+------------+-------------------------------------------------------+
; Multiplexer Inputs ; Bus Width ; Baseline Area ; Area if Restructured ; Saving if Restructured ; Registered ; Example Multiplexer Output                            ;
+--------------------+-----------+---------------+----------------------+------------------------+------------+-------------------------------------------------------+
; 3:1                ; 2 bits    ; 4 LEs         ; 2 LEs                ; 2 LEs                  ; Yes        ; |Peaje|Back_sensor:Back_sensor_funcion|cnt[1]         ;
; 4:1                ; 5 bits    ; 10 LEs        ; 5 LEs                ; 5 LEs                  ; Yes        ; |Peaje|Contador_tiempo:Contador_tiempo_funcion|cnt[4] ;
+--------------------+-----------+---------------+----------------------+------------------------+------------+-------------------------------------------------------+


+---------------------------------------------------------------------------------------------+
; Parameter Settings for Inferred Entity Instance: Conversor:Conversor_tiempo|lpm_divide:Div0 ;
+------------------------+----------------+---------------------------------------------------+
; Parameter Name         ; Value          ; Type                                              ;
+------------------------+----------------+---------------------------------------------------+
; LPM_WIDTHN             ; 5              ; Untyped                                           ;
; LPM_WIDTHD             ; 4              ; Untyped                                           ;
; LPM_NREPRESENTATION    ; UNSIGNED       ; Untyped                                           ;
; LPM_DREPRESENTATION    ; UNSIGNED       ; Untyped                                           ;
; LPM_PIPELINE           ; 0              ; Untyped                                           ;
; LPM_REMAINDERPOSITIVE  ; TRUE           ; Untyped                                           ;
; MAXIMIZE_SPEED         ; 5              ; Untyped                                           ;
; CBXI_PARAMETER         ; lpm_divide_7gm ; Untyped                                           ;
; CARRY_CHAIN            ; MANUAL         ; Untyped                                           ;
; OPTIMIZE_FOR_SPEED     ; 5              ; Untyped                                           ;
; AUTO_CARRY_CHAINS      ; ON             ; AUTO_CARRY                                        ;
; IGNORE_CARRY_BUFFERS   ; OFF            ; IGNORE_CARRY                                      ;
; AUTO_CASCADE_CHAINS    ; ON             ; AUTO_CASCADE                                      ;
; IGNORE_CASCADE_BUFFERS ; OFF            ; IGNORE_CASCADE                                    ;
+------------------------+----------------+---------------------------------------------------+
Note: In order to hide this table in the UI and the text report file, please set the "Show Parameter Settings in Synthesis Report" option in "Analysis and Synthesis Settings -> More Settings" to "Off".


+---------------------------------------------------------------------------------------------+
; Parameter Settings for Inferred Entity Instance: Conversor:Conversor_tiempo|lpm_divide:Mod0 ;
+------------------------+----------------+---------------------------------------------------+
; Parameter Name         ; Value          ; Type                                              ;
+------------------------+----------------+---------------------------------------------------+
; LPM_WIDTHN             ; 5              ; Untyped                                           ;
; LPM_WIDTHD             ; 5              ; Untyped                                           ;
; LPM_NREPRESENTATION    ; UNSIGNED       ; Untyped                                           ;
; LPM_DREPRESENTATION    ; UNSIGNED       ; Untyped                                           ;
; LPM_PIPELINE           ; 0              ; Untyped                                           ;
; LPM_REMAINDERPOSITIVE  ; TRUE           ; Untyped                                           ;
; MAXIMIZE_SPEED         ; 5              ; Untyped                                           ;
; CBXI_PARAMETER         ; lpm_divide_b8m ; Untyped                                           ;
; CARRY_CHAIN            ; MANUAL         ; Untyped                                           ;
; OPTIMIZE_FOR_SPEED     ; 5              ; Untyped                                           ;
; AUTO_CARRY_CHAINS      ; ON             ; AUTO_CARRY                                        ;
; IGNORE_CARRY_BUFFERS   ; OFF            ; IGNORE_CARRY                                      ;
; AUTO_CASCADE_CHAINS    ; ON             ; AUTO_CASCADE                                      ;
; IGNORE_CASCADE_BUFFERS ; OFF            ; IGNORE_CASCADE                                    ;
+------------------------+----------------+---------------------------------------------------+
Note: In order to hide this table in the UI and the text report file, please set the "Show Parameter Settings in Synthesis Report" option in "Analysis and Synthesis Settings -> More Settings" to "Off".


+------------------------------------------------------------------------------------------------+
; Parameter Settings for Inferred Entity Instance: Conversor:Conversor_vehiculos|lpm_divide:Div0 ;
+------------------------+----------------+------------------------------------------------------+
; Parameter Name         ; Value          ; Type                                                 ;
+------------------------+----------------+------------------------------------------------------+
; LPM_WIDTHN             ; 5              ; Untyped                                              ;
; LPM_WIDTHD             ; 4              ; Untyped                                              ;
; LPM_NREPRESENTATION    ; UNSIGNED       ; Untyped                                              ;
; LPM_DREPRESENTATION    ; UNSIGNED       ; Untyped                                              ;
; LPM_PIPELINE           ; 0              ; Untyped                                              ;
; LPM_REMAINDERPOSITIVE  ; TRUE           ; Untyped                                              ;
; MAXIMIZE_SPEED         ; 5              ; Untyped                                              ;
; CBXI_PARAMETER         ; lpm_divide_7gm ; Untyped                                              ;
; CARRY_CHAIN            ; MANUAL         ; Untyped                                              ;
; OPTIMIZE_FOR_SPEED     ; 5              ; Untyped                                              ;
; AUTO_CARRY_CHAINS      ; ON             ; AUTO_CARRY                                           ;
; IGNORE_CARRY_BUFFERS   ; OFF            ; IGNORE_CARRY                                         ;
; AUTO_CASCADE_CHAINS    ; ON             ; AUTO_CASCADE                                         ;
; IGNORE_CASCADE_BUFFERS ; OFF            ; IGNORE_CASCADE                                       ;
+------------------------+----------------+------------------------------------------------------+
Note: In order to hide this table in the UI and the text report file, please set the "Show Parameter Settings in Synthesis Report" option in "Analysis and Synthesis Settings -> More Settings" to "Off".


+------------------------------------------------------------------------------------------------+
; Parameter Settings for Inferred Entity Instance: Conversor:Conversor_vehiculos|lpm_divide:Mod0 ;
+------------------------+----------------+------------------------------------------------------+
; Parameter Name         ; Value          ; Type                                                 ;
+------------------------+----------------+------------------------------------------------------+
; LPM_WIDTHN             ; 5              ; Untyped                                              ;
; LPM_WIDTHD             ; 5              ; Untyped                                              ;
; LPM_NREPRESENTATION    ; UNSIGNED       ; Untyped                                              ;
; LPM_DREPRESENTATION    ; UNSIGNED       ; Untyped                                              ;
; LPM_PIPELINE           ; 0              ; Untyped                                              ;
; LPM_REMAINDERPOSITIVE  ; TRUE           ; Untyped                                              ;
; MAXIMIZE_SPEED         ; 5              ; Untyped                                              ;
; CBXI_PARAMETER         ; lpm_divide_b8m ; Untyped                                              ;
; CARRY_CHAIN            ; MANUAL         ; Untyped                                              ;
; OPTIMIZE_FOR_SPEED     ; 5              ; Untyped                                              ;
; AUTO_CARRY_CHAINS      ; ON             ; AUTO_CARRY                                           ;
; IGNORE_CARRY_BUFFERS   ; OFF            ; IGNORE_CARRY                                         ;
; AUTO_CASCADE_CHAINS    ; ON             ; AUTO_CASCADE                                         ;
; IGNORE_CASCADE_BUFFERS ; OFF            ; IGNORE_CASCADE                                       ;
+------------------------+----------------+------------------------------------------------------+
Note: In order to hide this table in the UI and the text report file, please set the "Show Parameter Settings in Synthesis Report" option in "Analysis and Synthesis Settings -> More Settings" to "Off".


+--------------------------------------------------------------+
; Port Connectivity Checks: "Conversor:Conversor_vehiculos"    ;
+---------+--------+------------------+------------------------+
; Port    ; Type   ; Severity         ; Details                ;
+---------+--------+------------------+------------------------+
; sum_con ; Input  ; Critical Warning ; Types are incompatible ;
; dec     ; Output ; Critical Warning ; Types are incompatible ;
; uni     ; Output ; Critical Warning ; Types are incompatible ;
+---------+--------+------------------+------------------------+


+----------------------------------------------------------------------------------------------------------------+
; Port Connectivity Checks: "contador_vehiculos:Display7seg_vehiculos"                                           ;
+------+--------+----------+-------------------------------------------------------------------------------------+
; Port ; Type   ; Severity ; Details                                                                             ;
+------+--------+----------+-------------------------------------------------------------------------------------+
; min  ; Output ; Info     ; Connected to dangling logic. Logic that only feeds a dangling port will be removed. ;
+------+--------+----------+-------------------------------------------------------------------------------------+


+--------------------------------------------------------------+
; Port Connectivity Checks: "Conversor:Conversor_tiempo"       ;
+---------+--------+------------------+------------------------+
; Port    ; Type   ; Severity         ; Details                ;
+---------+--------+------------------+------------------------+
; sum_con ; Input  ; Critical Warning ; Types are incompatible ;
; dec     ; Output ; Critical Warning ; Types are incompatible ;
; uni     ; Output ; Critical Warning ; Types are incompatible ;
+---------+--------+------------------+------------------------+


+------------------------------------------------------------------------------------------------------------------+
; Port Connectivity Checks: "Contador_tiempo:Contador_tiempo_funcion"                                              ;
+--------+--------+----------+-------------------------------------------------------------------------------------+
; Port   ; Type   ; Severity ; Details                                                                             ;
+--------+--------+----------+-------------------------------------------------------------------------------------+
; minsal ; Output ; Info     ; Connected to dangling logic. Logic that only feeds a dangling port will be removed. ;
+--------+--------+----------+-------------------------------------------------------------------------------------+


+---------------------------------------------------------------+
; Port Connectivity Checks: "Sem_fin:Semaforo_Talanquera_final" ;
+--------+-------+------------------+---------------------------+
; Port   ; Type  ; Severity         ; Details                   ;
+--------+-------+------------------+---------------------------+
; limite ; Input ; Critical Warning ; Types are incompatible    ;
+--------+-------+------------------+---------------------------+


+-------------------------------+
; Elapsed Time Per Partition    ;
+----------------+--------------+
; Partition Name ; Elapsed Time ;
+----------------+--------------+
; Top            ; 00:00:01     ;
+----------------+--------------+


+-------------------------------+
; Analysis & Synthesis Messages ;
+-------------------------------+
Info: *******************************************************************
Info: Running Quartus II 64-Bit Analysis & Synthesis
    Info: Version 13.1.0 Build 162 10/23/2013 SJ Web Edition
    Info: Processing started: Tue Mar 19 18:18:38 2024
Info: Command: quartus_map --read_settings_files=on --write_settings_files=off Peaje -c Peaje
Info (11104): Parallel Compilation has detected 12 hyper-threaded processors. However, the extra hyper-threaded processors will not be used by default. Parallel Compilation will use 8 of the 8 physical processors detected instead.
Info (12021): Found 2 design units, including 1 entities, in source file /users/samuel/desktop/lab-quartus/semaforo_vhdl/contador_vehiculos/contador_vehiculos.vhd
    Info (12022): Found design unit 1: contador_vehiculos-arch_Contador_as
    Info (12023): Found entity 1: contador_vehiculos
Info (12021): Found 2 design units, including 1 entities, in source file /users/samuel/desktop/lab-quartus/semaforo_vhdl/contador_tiempo/contador_tiempo.vhd
    Info (12022): Found design unit 1: Contador_tiempo-arch_Contador_as
    Info (12023): Found entity 1: Contador_tiempo
Info (12021): Found 2 design units, including 1 entities, in source file /users/samuel/desktop/lab-quartus/semaforo_vhdl/sem_ini/sem_ini.vhd
    Info (12022): Found design unit 1: Sem_ini-arch_Sem_ini
    Info (12023): Found entity 1: Sem_ini
Info (12021): Found 2 design units, including 1 entities, in source file /users/samuel/desktop/lab-quartus/semaforo_vhdl/back_sensor/back_sensor.vhd
    Info (12022): Found design unit 1: Back_sensor-arch_CarSensor
    Info (12023): Found entity 1: Back_sensor
Info (12021): Found 2 design units, including 1 entities, in source file /users/samuel/desktop/lab-quartus/semaforo_vhdl/bcd7seg/bcd7seg.vhd
    Info (12022): Found design unit 1: BCD7Seg-BCD7Seg_Arch
    Info (12023): Found entity 1: BCD7Seg
Info (12021): Found 2 design units, including 1 entities, in source file /users/samuel/desktop/lab-quartus/semaforo_vhdl/conversor/conversor.vhd
    Info (12022): Found design unit 1: Conversor-arch_Conversor
    Info (12023): Found entity 1: Conversor
Info (12021): Found 2 design units, including 1 entities, in source file /users/samuel/desktop/lab-quartus/semaforo_vhdl/divisor/divisor.vhd
    Info (12022): Found design unit 1: Divisor-arch_Divisor_frecuencia
    Info (12023): Found entity 1: Divisor
Info (12021): Found 2 design units, including 1 entities, in source file /users/samuel/desktop/lab-quartus/semaforo_vhdl/sem_fin/sem_fin.vhd
    Info (12022): Found design unit 1: Sem_fin-arch_Sem_fin
    Info (12023): Found entity 1: Sem_fin
Info (12021): Found 2 design units, including 1 entities, in source file /users/samuel/desktop/lab-quartus/semaforo_vhdl/front_sensor/front_sensor.vhd
    Info (12022): Found design unit 1: Front_sensor-arch_Front_sensor
    Info (12023): Found entity 1: Front_sensor
Info (12021): Found 2 design units, including 1 entities, in source file /users/samuel/desktop/lab-quartus/semaforo_vhdl/sem_ini/peaje.vhd
    Info (12022): Found design unit 1: Peaje-arch_Peaje
    Info (12023): Found entity 1: Peaje
Info (12127): Elaborating entity "Peaje" for the top level hierarchy
Warning (10541): VHDL Signal Declaration warning at Peaje.vhd(151): used implicit default value for signal "limite_time" because signal was never assigned a value or an explicit default value. Use of implicit default value may introduce unintended design optimizations.
Warning (10036): Verilog HDL or VHDL warning at Peaje.vhd(155): object "pul_Ext" assigned a value but never read
Warning (10036): Verilog HDL or VHDL warning at Peaje.vhd(156): object "pul_Ext_2" assigned a value but never read
Info (12128): Elaborating entity "Divisor" for hierarchy "Divisor:Divisor_frecuencias"
Info (12128): Elaborating entity "Sem_ini" for hierarchy "Sem_ini:Semaforo_Talanquera_inical"
Warning (10631): VHDL Process Statement warning at Sem_ini.vhd(37): inferring latch(es) for signal or variable "Paso", which holds its previous value in one or more paths through the process
Info (10041): Inferred latch for "Paso" at Sem_ini.vhd(37)
Info (12128): Elaborating entity "Front_sensor" for hierarchy "Front_sensor:Front_sensor_funcion"
Warning (10036): Verilog HDL or VHDL warning at Front_sensor.vhd(27): object "ID" assigned a value but never read
Warning (10541): VHDL Signal Declaration warning at Front_sensor.vhd(28): used implicit default value for signal "dinero_count" because signal was never assigned a value or an explicit default value. Use of implicit default value may introduce unintended design optimizations.
Warning (10492): VHDL Process Statement warning at Front_sensor.vhd(45): signal "Reset" is read inside the Process Statement but isn't in the Process Statement's sensitivity list
Warning (10492): VHDL Process Statement warning at Front_sensor.vhd(64): signal "Reset" is read inside the Process Statement but isn't in the Process Statement's sensitivity list
Warning (10631): VHDL Process Statement warning at Front_sensor.vhd(40): inferring latch(es) for signal or variable "deten_pro", which holds its previous value in one or more paths through the process
Warning (10631): VHDL Process Statement warning at Front_sensor.vhd(40): inferring latch(es) for signal or variable "var_alarma", which holds its previous value in one or more paths through the process
Warning (10631): VHDL Process Statement warning at Front_sensor.vhd(40): inferring latch(es) for signal or variable "dinero_count", which holds its previous value in one or more paths through the process
Info (10041): Inferred latch for "Detector:var_alarma" at Front_sensor.vhd(45)
Info (10041): Inferred latch for "Detector:deten_pro" at Front_sensor.vhd(45)
Info (12128): Elaborating entity "Sem_fin" for hierarchy "Sem_fin:Semaforo_Talanquera_final"
Warning (10631): VHDL Process Statement warning at Sem_fin.vhd(20): inferring latch(es) for signal or variable "verde", which holds its previous value in one or more paths through the process
Warning (10631): VHDL Process Statement warning at Sem_fin.vhd(20): inferring latch(es) for signal or variable "rojo", which holds its previous value in one or more paths through the process
Warning (10631): VHDL Process Statement warning at Sem_fin.vhd(20): inferring latch(es) for signal or variable "talfin", which holds its previous value in one or more paths through the process
Info (10041): Inferred latch for "talfin" at Sem_fin.vhd(20)
Info (10041): Inferred latch for "rojo" at Sem_fin.vhd(20)
Info (10041): Inferred latch for "verde" at Sem_fin.vhd(20)
Info (12128): Elaborating entity "Back_sensor" for hierarchy "Back_sensor:Back_sensor_funcion"
Info (12128): Elaborating entity "Contador_tiempo" for hierarchy "Contador_tiempo:Contador_tiempo_funcion"
Info (12128): Elaborating entity "Conversor" for hierarchy "Conversor:Conversor_tiempo"
Info (12128): Elaborating entity "BCD7Seg" for hierarchy "BCD7Seg:Display7seg_dec"
Info (12128): Elaborating entity "contador_vehiculos" for hierarchy "contador_vehiculos:Display7seg_vehiculos"
Warning (10873): Using initial value X (don't care) for net "min" at contador_vehiculos.vhd(15)
Warning (14026): LATCH primitive "Sem_fin:Semaforo_Talanquera_final|verde" is permanently enabled
Warning (14026): LATCH primitive "Sem_fin:Semaforo_Talanquera_final|verde" is permanently enabled
Info (278001): Inferred 4 megafunctions from design logic
    Info (278004): Inferred divider/modulo megafunction ("lpm_divide") from the following logic: "Conversor:Conversor_tiempo|Div0"
    Info (278004): Inferred divider/modulo megafunction ("lpm_divide") from the following logic: "Conversor:Conversor_tiempo|Mod0"
    Info (278004): Inferred divider/modulo megafunction ("lpm_divide") from the following logic: "Conversor:Conversor_vehiculos|Div0"
    Info (278004): Inferred divider/modulo megafunction ("lpm_divide") from the following logic: "Conversor:Conversor_vehiculos|Mod0"
Info (12130): Elaborated megafunction instantiation "Conversor:Conversor_tiempo|lpm_divide:Div0"
Info (12133): Instantiated megafunction "Conversor:Conversor_tiempo|lpm_divide:Div0" with the following parameter:
    Info (12134): Parameter "LPM_WIDTHN" = "5"
    Info (12134): Parameter "LPM_WIDTHD" = "4"
    Info (12134): Parameter "LPM_NREPRESENTATION" = "UNSIGNED"
    Info (12134): Parameter "LPM_DREPRESENTATION" = "UNSIGNED"
Info (12021): Found 1 design units, including 1 entities, in source file db/lpm_divide_7gm.tdf
    Info (12023): Found entity 1: lpm_divide_7gm
Info (12021): Found 1 design units, including 1 entities, in source file db/sign_div_unsign_8kh.tdf
    Info (12023): Found entity 1: sign_div_unsign_8kh
Info (12021): Found 1 design units, including 1 entities, in source file db/alt_u_div_r2f.tdf
    Info (12023): Found entity 1: alt_u_div_r2f
Info (12021): Found 1 design units, including 1 entities, in source file db/add_sub_unc.tdf
    Info (12023): Found entity 1: add_sub_unc
Info (12021): Found 1 design units, including 1 entities, in source file db/add_sub_vnc.tdf
    Info (12023): Found entity 1: add_sub_vnc
Info (12130): Elaborated megafunction instantiation "Conversor:Conversor_tiempo|lpm_divide:Mod0"
Info (12133): Instantiated megafunction "Conversor:Conversor_tiempo|lpm_divide:Mod0" with the following parameter:
    Info (12134): Parameter "LPM_WIDTHN" = "5"
    Info (12134): Parameter "LPM_WIDTHD" = "5"
    Info (12134): Parameter "LPM_NREPRESENTATION" = "UNSIGNED"
    Info (12134): Parameter "LPM_DREPRESENTATION" = "UNSIGNED"
Info (12021): Found 1 design units, including 1 entities, in source file db/lpm_divide_b8m.tdf
    Info (12023): Found entity 1: lpm_divide_b8m
Info (12021): Found 1 design units, including 1 entities, in source file db/sign_div_unsign_9kh.tdf
    Info (12023): Found entity 1: sign_div_unsign_9kh
Info (12021): Found 1 design units, including 1 entities, in source file db/alt_u_div_t2f.tdf
    Info (12023): Found entity 1: alt_u_div_t2f
Warning (12241): 3 hierarchies have connectivity warnings - see the Connectivity Checks report folder
Info (13000): Registers with preset signals will power-up high
Info (13003): DEV_CLRn pin will set, and not reset, register with preset signal due to NOT Gate Push-Back
Warning (13024): Output pins are stuck at VCC or GND
    Warning (13410): Pin "dinero[0]" is stuck at GND
    Warning (13410): Pin "dinero[1]" is stuck at GND
    Warning (13410): Pin "dinero[2]" is stuck at GND
    Warning (13410): Pin "dinero[3]" is stuck at GND
    Warning (13410): Pin "dinero[4]" is stuck at GND
    Warning (13410): Pin "tiempo_DE[5]" is stuck at GND
    Warning (13410): Pin "Vehiculos_DE[5]" is stuck at GND
Info (286030): Timing-Driven Synthesis is running
Info (16010): Generating hard_block partition "hard_block:auto_generated_inst"
    Info (16011): Adding 0 node(s), including 0 DDIO, 0 PLL, 0 transceiver and 0 LCELL
Warning (21074): Design contains 3 input pin(s) that do not drive logic
    Warning (15610): No output dependent on input pin "Cat_ID[2]"
    Warning (15610): No output dependent on input pin "Cat_ID[3]"
    Warning (15610): No output dependent on input pin "Cat_ID[4]"
Info (21057): Implemented 269 device resources after synthesis - the final resource count might be different
    Info (21058): Implemented 10 input pins
    Info (21059): Implemented 40 output pins
    Info (21061): Implemented 219 logic cells
Info: Quartus II 64-Bit Analysis & Synthesis was successful. 0 errors, 30 warnings
    Info: Peak virtual memory: 4722 megabytes
    Info: Processing ended: Tue Mar 19 18:18:41 2024
    Info: Elapsed time: 00:00:03
    Info: Total CPU time (on all processors): 00:00:01


